K:\VISUAL STUDIO 2013\PROJECTS\OPENGL_561\BIN\WIN32\DEBUG\OBJECT.OBJ
K:\VISUAL STUDIO 2013\PROJECTS\OPENGL_561\BIN\WIN32\DEBUG\TINY_OBJ_LOADER.OBJ
K:\VISUAL STUDIO 2013\PROJECTS\OPENGL_561\BIN\WIN32\DEBUG\VC110.PDB
K:\VISUAL STUDIO 2013\PROJECTS\OPENGL_561\BIN\WIN32\DEBUG\MAIN.OBJ
K:\VISUAL STUDIO 2013\PROJECTS\OPENGL_561\BIN\WIN32\PRGM4.ILK
K:\VISUAL STUDIO 2013\PROJECTS\OPENGL_561\BIN\WIN32\PRGM4.EXE
K:\VISUAL STUDIO 2013\PROJECTS\OPENGL_561\BIN\WIN32\PRGM4.PDB
K:\Visual Studio 2013\Projects\OpenGL_561\bin\Win32\Debug\main.obj
K:\Visual Studio 2013\Projects\OpenGL_561\bin\Win32\Debug\object.obj
K:\Visual Studio 2013\Projects\OpenGL_561\bin\Win32\Debug\tiny_obj_loader.obj
K:\Visual Studio 2013\Projects\OpenGL_561\bin\Win32\Debug\cl.command.1.tlog
K:\Visual Studio 2013\Projects\OpenGL_561\bin\Win32\Debug\CL.read.1.tlog
K:\Visual Studio 2013\Projects\OpenGL_561\bin\Win32\Debug\CL.write.1.tlog
K:\Visual Studio 2013\Projects\OpenGL_561\bin\Win32\Debug\link.10384.read.1.tlog
K:\Visual Studio 2013\Projects\OpenGL_561\bin\Win32\Debug\link.10384.write.1.tlog
K:\Visual Studio 2013\Projects\OpenGL_561\bin\Win32\Debug\link.10384-cvtres.read.1.tlog
K:\Visual Studio 2013\Projects\OpenGL_561\bin\Win32\Debug\link.10384-cvtres.write.1.tlog
K:\Visual Studio 2013\Projects\OpenGL_561\bin\Win32\Debug\link.10384-rc.read.1.tlog
K:\Visual Studio 2013\Projects\OpenGL_561\bin\Win32\Debug\link.10384-rc.write.1.tlog
K:\Visual Studio 2013\Projects\OpenGL_561\bin\Win32\Debug\link.9200.read.1.tlog
K:\Visual Studio 2013\Projects\OpenGL_561\bin\Win32\Debug\link.9200.write.1.tlog
K:\Visual Studio 2013\Projects\OpenGL_561\bin\Win32\Debug\link.9200-cvtres.read.1.tlog
K:\Visual Studio 2013\Projects\OpenGL_561\bin\Win32\Debug\link.9200-cvtres.write.1.tlog
K:\Visual Studio 2013\Projects\OpenGL_561\bin\Win32\Debug\link.9200-rc.read.1.tlog
K:\Visual Studio 2013\Projects\OpenGL_561\bin\Win32\Debug\link.9200-rc.write.1.tlog
K:\Visual Studio 2013\Projects\OpenGL_561\bin\Win32\Debug\link.command.1.tlog
K:\Visual Studio 2013\Projects\OpenGL_561\bin\Win32\Debug\link.read.1.tlog
K:\Visual Studio 2013\Projects\OpenGL_561\bin\Win32\Debug\link.write.1.tlog
K:\Visual Studio 2013\Projects\OpenGL_561\bin\Win32\Debug\link-cvtres.read.1.tlog
K:\Visual Studio 2013\Projects\OpenGL_561\bin\Win32\Debug\link-cvtres.write.1.tlog
K:\Visual Studio 2013\Projects\OpenGL_561\bin\Win32\Debug\link-rc.read.1.tlog
K:\Visual Studio 2013\Projects\OpenGL_561\bin\Win32\Debug\link-rc.write.1.tlog
K:\Visual Studio 2013\Projects\OpenGL_561\bin\Win32\Debug\vc110.idb
K:\Visual Studio 2013\Projects\OpenGL_561\bin\Win32\Debug\vc120.idb
K:\Visual Studio 2013\Projects\OpenGL_561\bin\Win32\Debug\vc110.pdb
K:\Visual Studio 2013\Projects\OpenGL_561\bin\Win32\Debug\vc120.pdb
K:\Visual Studio 2013\Projects\OpenGL_561\bin\Win32\prgm4.exe
